<?xml version="1.0" encoding="UTF-8"?>
<!-- Generated by org.testng.reporters.JUnitReportReporter -->
<testsuite hostname="DESKTOP-AG7SSIF" failures="0" tests="1" name="testCases.TextBoxTest" time="2.292" errors="0" timestamp="2025-01-29T14:23:07 IST" skipped="0">
  <testcase classname="testCases.TextBoxTest" name="TC001" time="2.292"/>
  <system-out/>
</testsuite> <!-- testCases.TextBoxTest -->
