<?xml version="1.0" encoding="UTF-8"?>
<!-- Generated by org.testng.reporters.JUnitReportReporter -->
<testsuite hostname="DESKTOP-AG7SSIF" failures="0" tests="1" name="testCases.HomePageTest" time="5.404" errors="0" timestamp="2025-01-23T22:57:09 IST" skipped="0">
  <testcase classname="testCases.HomePageTest" name="homeLaunch" time="5.404"/>
  <system-out/>
</testsuite> <!-- testCases.HomePageTest -->
